I2026-07-04 14:15:20.608589 instance.cpp:1440] Override Enabled Addons: {}
I2026-07-04 14:15:20.610711 instance.cpp:1441] Override Disabled Addons: {}
I2026-07-04 14:15:20.612471 addonmanager.cpp:204] Loaded addon wayland
I2026-07-04 14:15:20.612622 addonmanager.cpp:204] Loaded addon imselector
I2026-07-04 14:15:20.614220 xcbconnection.cpp:198] Connecting to X11 display, display name::1.
I2026-07-04 14:15:20.614241 xcbconnection.cpp:203] X11 display: :1 is xwayland.
I2026-07-04 14:15:20.614278 addonmanager.cpp:204] Loaded addon xcb
I2026-07-04 14:15:20.615121 addonmanager.cpp:204] Loaded addon quickphrase
I2026-07-04 14:15:20.615248 addonmanager.cpp:204] Loaded addon waylandim
I2026-07-04 14:15:20.615802 keyboard.cpp:229] Attempting to load keyboard from: ["/usr/share/xkeyboard-config-2"] Rule: evdev
I2026-07-04 14:15:20.618430 addonmanager.cpp:204] Loaded addon keyboard
I2026-07-04 14:15:20.618693 addonmanager.cpp:204] Loaded addon clipboard
I2026-07-04 14:15:20.618787 addonmanager.cpp:204] Loaded addon unicode
I2026-07-04 14:15:20.619409 addonmanager.cpp:204] Loaded addon dbus
I2026-07-04 14:15:20.619688 addonmanager.cpp:204] Loaded addon dbusfrontend
I2026-07-04 14:15:20.622211 addonmanager.cpp:204] Loaded addon fcitx4frontend
I2026-07-04 14:15:20.622703 addonmanager.cpp:204] Loaded addon ibusfrontend
E2026-07-04 14:15:20.623109 xim.cpp:179] Failed to open xim, retrying.
I2026-07-04 14:15:21.623421 addonmanager.cpp:204] Loaded addon xim
I2026-07-04 14:15:21.643272 inputmethodmanager.cpp:210] Found 753 input method(s) in addon keyboard
I2026-07-04 14:15:21.653843 addonmanager.cpp:204] Loaded addon kimpanel
I2026-07-04 14:15:21.653965 addonmanager.cpp:204] Loaded addon virtualkeyboard
I2026-07-04 14:15:21.665092 classicui.cpp:89] Created classicui for x11 display::1
I2026-07-04 14:15:21.665124 classicui.cpp:110] Created classicui for wayland display:
I2026-07-04 14:15:21.665131 addonmanager.cpp:204] Loaded addon classicui
I2026-07-04 14:15:21.665326 addonmanager.cpp:204] Loaded addon notificationitem
I2026-07-04 14:15:21.665603 addonmanager.cpp:204] Loaded addon notifications
I2026-07-04 14:15:21.670045 dbusmodule.cpp:845] Service name change: org.fcitx.Fcitx5  :1.237
I2026-07-04 14:15:21.672212 kimpanel.cpp:138] Kimpanel new owner: 
I2026-07-04 14:15:21.672290 virtualkeyboard.cpp:230] VirtualKeyboard new owner: 
I2026-07-04 14:15:21.672325 portalsettingmonitor.cpp:97] A new portal show up, start a new query.
I2026-07-04 14:15:21.672413 portalsettingmonitor.cpp:97] A new portal show up, start a new query.
I2026-07-04 14:15:22.827623 addonmanager.cpp:204] Loaded addon typeforge
I2026-07-04 14:15:31.826621 waylandmodule.cpp:665] Wayland self diagnose information
I2026-07-04 14:15:31.826688 waylandmodule.cpp:666] Using Wayland native input method protocol: 1
I2026-07-04 14:15:31.826697 waylandmodule.cpp:668] Toolkit specific environment variable detected by process:
I2026-07-04 14:15:31.826703 waylandmodule.cpp:670] GTK_IM_MODULE=
I2026-07-04 14:15:31.826708 waylandmodule.cpp:671] QT_IM_MODULE=fcitx
I2026-07-04 14:15:31.826714 waylandmodule.cpp:672] QT_IM_MODULES=
I2026-07-04 14:15:59.630938 TypeForgeEngine.cpp:182] Committing string: 'why'
I2026-07-04 14:16:03.826685 TypeForgeEngine.cpp:182] Committing string: 'its'
I2026-07-04 14:16:06.658888 TypeForgeEngine.cpp:182] Committing string: 'so'
I2026-07-04 14:16:15.292905 dbusmodule.cpp:845] Service name change: org.fcitx.Fcitx5 :1.237 :1.243
=========================
Fcitx 5.1.21 -- Get Signal No.: 11
Date: try "date -d @1783154775" if you are using GNU date ***
ProcessID: 69236
fcitx5(+0x1aa6a) [0x563a288a8a6a]
/usr/lib/libc.so.6(+0x448f0) [0x7f9f4e6448f0]
